2014-04-01 15:04:52 UTC INFO Amoeba.Application: Logger started.
2014-04-01 15:04:52 UTC INFO Amoeba.Application: Logger started.
2014-04-01 15:04:52 UTC INFO Amoeba.Application: World loaded.
2014-04-01 15:04:52 UTC INFO Amoeba.Application: World loaded.
2014-04-01 15:04:52 UTC INFO Amoeba.Application: Game loaded.
2014-04-01 15:04:52 UTC INFO Amoeba.Application: Game loaded.
2014-04-01 15:04:52 UTC INFO Amoeba.Application: View settings loaded.
2014-04-01 15:04:52 UTC INFO Amoeba.Application: View settings loaded.
2014-04-01 15:04:52 UTC INFO Amoeba.Application: View prepared.
2014-04-01 15:04:52 UTC INFO Amoeba.Application: View prepared.
2014-04-01 15:04:54 UTC INFO Amoeba.Application: Game unloaded.
2014-04-01 15:04:54 UTC INFO Amoeba.Application: Game unloaded.
2014-04-01 15:05:16 UTC INFO Amoeba.Application: Logger started.
2014-04-01 15:05:16 UTC INFO Amoeba.Application: World loaded.
2014-04-01 15:05:16 UTC INFO Amoeba.Application: Game loaded.
2014-04-01 15:05:16 UTC INFO Amoeba.Application: View settings loaded.
2014-04-01 15:05:16 UTC INFO Amoeba.Application: View prepared.
2014-04-01 15:05:20 UTC INFO Amoeba.Application: Game unloaded.
2014-04-01 15:07:01 UTC INFO Amoeba.Application: Logger started.
2014-04-01 15:07:01 UTC INFO Amoeba.Application: World loaded.
2014-04-01 15:07:01 UTC INFO Amoeba.Application: Game loaded.
2014-04-01 15:07:01 UTC INFO Amoeba.Application: View settings loaded.
2014-04-01 15:07:01 UTC INFO Amoeba.Application: View prepared.
2014-04-01 15:07:05 UTC INFO Amoeba.Application: Game unloaded.
